2019/09/12 18:02:56 [error] [exception.CHttpException.400] exception 'CHttpException' with message 'Некорректный запрос.' in /var/www/lodar/data/www/geofarm.com.ua/framework/web/CController.php:336
Stack trace:
#0 /var/www/lodar/data/www/geofarm.com.ua/framework/web/CController.php(309): CController->invalidActionParams(Object(CInlineAction))
#1 /var/www/lodar/data/www/geofarm.com.ua/framework/web/CController.php(286): CController->runAction(Object(CInlineAction))
#2 /var/www/lodar/data/www/geofarm.com.ua/framework/web/CController.php(265): CController->runActionWithFilters(Object(CInlineAction), Array)
#3 /var/www/lodar/data/www/geofarm.com.ua/framework/web/CWebApplication.php(282): CController->run('product_view')
#4 /var/www/lodar/data/www/geofarm.com.ua/framework/web/CWebApplication.php(141): CWebApplication->runController('site/product_vi...')
#5 /var/www/lodar/data/www/geofarm.com.ua/framework/base/CApplication.php(184): CWebApplication->processRequest()
#6 /var/www/lodar/data/www/geofarm.com.ua/index.php(17): CApplication->run()
#7 {main}
REQUEST_URI=/site/product_view/undefined?1568300576412
HTTP_REFERER=http://www.geofarm.com.ua/site/product_view/28
---
2019/09/12 20:19:26 [error] [exception.CHttpException.404] exception 'CHttpException' with message 'Системе не удалось найти запрашиваемое действие "undefined".' in /var/www/lodar/data/www/geofarm.com.ua/framework/web/CController.php:483
Stack trace:
#0 /var/www/lodar/data/www/geofarm.com.ua/framework/web/CController.php(270): CController->missingAction('undefined')
#1 /var/www/lodar/data/www/geofarm.com.ua/framework/web/CWebApplication.php(282): CController->run('undefined')
#2 /var/www/lodar/data/www/geofarm.com.ua/framework/web/CWebApplication.php(141): CWebApplication->runController('site/undefined')
#3 /var/www/lodar/data/www/geofarm.com.ua/framework/base/CApplication.php(184): CWebApplication->processRequest()
#4 /var/www/lodar/data/www/geofarm.com.ua/index.php(17): CApplication->run()
#5 {main}
REQUEST_URI=/site/undefined?1568308765873
HTTP_REFERER=http://geofarm.com.ua/site/category
---
2019/09/12 20:37:58 [error] [exception.CHttpException.400] exception 'CHttpException' with message 'Некорректный запрос.' in /var/www/lodar/data/www/geofarm.com.ua/framework/web/CController.php:336
Stack trace:
#0 /var/www/lodar/data/www/geofarm.com.ua/framework/web/CController.php(309): CController->invalidActionParams(Object(CInlineAction))
#1 /var/www/lodar/data/www/geofarm.com.ua/framework/web/CController.php(286): CController->runAction(Object(CInlineAction))
#2 /var/www/lodar/data/www/geofarm.com.ua/framework/web/CController.php(265): CController->runActionWithFilters(Object(CInlineAction), Array)
#3 /var/www/lodar/data/www/geofarm.com.ua/framework/web/CWebApplication.php(282): CController->run('page')
#4 /var/www/lodar/data/www/geofarm.com.ua/framework/web/CWebApplication.php(141): CWebApplication->runController('site/page/undef...')
#5 /var/www/lodar/data/www/geofarm.com.ua/framework/base/CApplication.php(184): CWebApplication->processRequest()
#6 /var/www/lodar/data/www/geofarm.com.ua/index.php(17): CApplication->run()
#7 {main}
REQUEST_URI=/site/page/undefined?1568309876835
HTTP_REFERER=http://geofarm.com.ua/site/page/1
---
2019/09/12 20:38:07 [error] [exception.CHttpException.400] exception 'CHttpException' with message 'Некорректный запрос.' in /var/www/lodar/data/www/geofarm.com.ua/framework/web/CController.php:336
Stack trace:
#0 /var/www/lodar/data/www/geofarm.com.ua/framework/web/CController.php(309): CController->invalidActionParams(Object(CInlineAction))
#1 /var/www/lodar/data/www/geofarm.com.ua/framework/web/CController.php(286): CController->runAction(Object(CInlineAction))
#2 /var/www/lodar/data/www/geofarm.com.ua/framework/web/CController.php(265): CController->runActionWithFilters(Object(CInlineAction), Array)
#3 /var/www/lodar/data/www/geofarm.com.ua/framework/web/CWebApplication.php(282): CController->run('product_view')
#4 /var/www/lodar/data/www/geofarm.com.ua/framework/web/CWebApplication.php(141): CWebApplication->runController('site/product_vi...')
#5 /var/www/lodar/data/www/geofarm.com.ua/framework/base/CApplication.php(184): CWebApplication->processRequest()
#6 /var/www/lodar/data/www/geofarm.com.ua/index.php(17): CApplication->run()
#7 {main}
REQUEST_URI=/site/product_view/undefined?1568309886089
HTTP_REFERER=http://geofarm.com.ua/site/product_view/3
---
2019/09/12 20:52:25 [error] [exception.CHttpException.400] exception 'CHttpException' with message 'Некорректный запрос.' in /var/www/lodar/data/www/geofarm.com.ua/framework/web/CController.php:336
Stack trace:
#0 /var/www/lodar/data/www/geofarm.com.ua/framework/web/CController.php(309): CController->invalidActionParams(Object(CInlineAction))
#1 /var/www/lodar/data/www/geofarm.com.ua/framework/web/CController.php(286): CController->runAction(Object(CInlineAction))
#2 /var/www/lodar/data/www/geofarm.com.ua/framework/web/CController.php(265): CController->runActionWithFilters(Object(CInlineAction), Array)
#3 /var/www/lodar/data/www/geofarm.com.ua/framework/web/CWebApplication.php(282): CController->run('page')
#4 /var/www/lodar/data/www/geofarm.com.ua/framework/web/CWebApplication.php(141): CWebApplication->runController('site/page/undef...')
#5 /var/www/lodar/data/www/geofarm.com.ua/framework/base/CApplication.php(184): CWebApplication->processRequest()
#6 /var/www/lodar/data/www/geofarm.com.ua/index.php(17): CApplication->run()
#7 {main}
REQUEST_URI=/site/page/undefined?1568310745022
HTTP_REFERER=http://geofarm.com.ua/site/page/1
---
2019/09/12 21:10:11 [error] [exception.CHttpException.400] exception 'CHttpException' with message 'Некорректный запрос.' in /var/www/lodar/data/www/geofarm.com.ua/framework/web/CController.php:336
Stack trace:
#0 /var/www/lodar/data/www/geofarm.com.ua/framework/web/CController.php(309): CController->invalidActionParams(Object(CInlineAction))
#1 /var/www/lodar/data/www/geofarm.com.ua/framework/web/CController.php(286): CController->runAction(Object(CInlineAction))
#2 /var/www/lodar/data/www/geofarm.com.ua/framework/web/CController.php(265): CController->runActionWithFilters(Object(CInlineAction), Array)
#3 /var/www/lodar/data/www/geofarm.com.ua/framework/web/CWebApplication.php(282): CController->run('product_view')
#4 /var/www/lodar/data/www/geofarm.com.ua/framework/web/CWebApplication.php(141): CWebApplication->runController('site/product_vi...')
#5 /var/www/lodar/data/www/geofarm.com.ua/framework/base/CApplication.php(184): CWebApplication->processRequest()
#6 /var/www/lodar/data/www/geofarm.com.ua/index.php(17): CApplication->run()
#7 {main}
REQUEST_URI=/site/product_view/undefined?1568311811582
HTTP_REFERER=http://geofarm.com.ua/site/product_view/3
---
2019/09/12 21:10:22 [error] [exception.CHttpException.400] exception 'CHttpException' with message 'Некорректный запрос.' in /var/www/lodar/data/www/geofarm.com.ua/framework/web/CController.php:336
Stack trace:
#0 /var/www/lodar/data/www/geofarm.com.ua/framework/web/CController.php(309): CController->invalidActionParams(Object(CInlineAction))
#1 /var/www/lodar/data/www/geofarm.com.ua/framework/web/CController.php(286): CController->runAction(Object(CInlineAction))
#2 /var/www/lodar/data/www/geofarm.com.ua/framework/web/CController.php(265): CController->runActionWithFilters(Object(CInlineAction), Array)
#3 /var/www/lodar/data/www/geofarm.com.ua/framework/web/CWebApplication.php(282): CController->run('product_view')
#4 /var/www/lodar/data/www/geofarm.com.ua/framework/web/CWebApplication.php(141): CWebApplication->runController('site/product_vi...')
#5 /var/www/lodar/data/www/geofarm.com.ua/framework/base/CApplication.php(184): CWebApplication->processRequest()
#6 /var/www/lodar/data/www/geofarm.com.ua/index.php(17): CApplication->run()
#7 {main}
REQUEST_URI=/site/product_view/undefined?1568311822445
HTTP_REFERER=http://geofarm.com.ua/site/product_view/49
---
2019/09/12 21:10:28 [error] [exception.CHttpException.400] exception 'CHttpException' with message 'Некорректный запрос.' in /var/www/lodar/data/www/geofarm.com.ua/framework/web/CController.php:336
Stack trace:
#0 /var/www/lodar/data/www/geofarm.com.ua/framework/web/CController.php(309): CController->invalidActionParams(Object(CInlineAction))
#1 /var/www/lodar/data/www/geofarm.com.ua/framework/web/CController.php(286): CController->runAction(Object(CInlineAction))
#2 /var/www/lodar/data/www/geofarm.com.ua/framework/web/CController.php(265): CController->runActionWithFilters(Object(CInlineAction), Array)
#3 /var/www/lodar/data/www/geofarm.com.ua/framework/web/CWebApplication.php(282): CController->run('product_view')
#4 /var/www/lodar/data/www/geofarm.com.ua/framework/web/CWebApplication.php(141): CWebApplication->runController('site/product_vi...')
#5 /var/www/lodar/data/www/geofarm.com.ua/framework/base/CApplication.php(184): CWebApplication->processRequest()
#6 /var/www/lodar/data/www/geofarm.com.ua/index.php(17): CApplication->run()
#7 {main}
REQUEST_URI=/site/product_view/undefined?1568311828170
HTTP_REFERER=http://geofarm.com.ua/site/product_view/3
---
2019/09/12 21:22:23 [error] [exception.CHttpException.400] exception 'CHttpException' with message 'Некорректный запрос.' in /var/www/lodar/data/www/geofarm.com.ua/framework/web/CController.php:336
Stack trace:
#0 /var/www/lodar/data/www/geofarm.com.ua/framework/web/CController.php(309): CController->invalidActionParams(Object(CInlineAction))
#1 /var/www/lodar/data/www/geofarm.com.ua/framework/web/CController.php(286): CController->runAction(Object(CInlineAction))
#2 /var/www/lodar/data/www/geofarm.com.ua/framework/web/CController.php(265): CController->runActionWithFilters(Object(CInlineAction), Array)
#3 /var/www/lodar/data/www/geofarm.com.ua/framework/web/CWebApplication.php(282): CController->run('product_view')
#4 /var/www/lodar/data/www/geofarm.com.ua/framework/web/CWebApplication.php(141): CWebApplication->runController('site/product_vi...')
#5 /var/www/lodar/data/www/geofarm.com.ua/framework/base/CApplication.php(184): CWebApplication->processRequest()
#6 /var/www/lodar/data/www/geofarm.com.ua/index.php(17): CApplication->run()
#7 {main}
REQUEST_URI=/site/product_view/undefined?1568312545508
HTTP_REFERER=http://geofarm.com.ua/site/product_view/29
---
2019/09/12 21:23:18 [error] [exception.CHttpException.404] exception 'CHttpException' with message 'Системе не удалось найти запрашиваемое действие "undefined".' in /var/www/lodar/data/www/geofarm.com.ua/framework/web/CController.php:483
Stack trace:
#0 /var/www/lodar/data/www/geofarm.com.ua/framework/web/CController.php(270): CController->missingAction('undefined')
#1 /var/www/lodar/data/www/geofarm.com.ua/framework/web/CWebApplication.php(282): CController->run('undefined')
#2 /var/www/lodar/data/www/geofarm.com.ua/framework/web/CWebApplication.php(141): CWebApplication->runController('site/undefined')
#3 /var/www/lodar/data/www/geofarm.com.ua/framework/base/CApplication.php(184): CWebApplication->processRequest()
#4 /var/www/lodar/data/www/geofarm.com.ua/index.php(17): CApplication->run()
#5 {main}
REQUEST_URI=/site/undefined?1568312600147
HTTP_REFERER=http://geofarm.com.ua/site/contact
---
2019/09/12 21:23:20 [error] [exception.CHttpException.400] exception 'CHttpException' with message 'Некорректный запрос.' in /var/www/lodar/data/www/geofarm.com.ua/framework/web/CController.php:336
Stack trace:
#0 /var/www/lodar/data/www/geofarm.com.ua/framework/web/CController.php(309): CController->invalidActionParams(Object(CInlineAction))
#1 /var/www/lodar/data/www/geofarm.com.ua/framework/web/CController.php(286): CController->runAction(Object(CInlineAction))
#2 /var/www/lodar/data/www/geofarm.com.ua/framework/web/CController.php(265): CController->runActionWithFilters(Object(CInlineAction), Array)
#3 /var/www/lodar/data/www/geofarm.com.ua/framework/web/CWebApplication.php(282): CController->run('page')
#4 /var/www/lodar/data/www/geofarm.com.ua/framework/web/CWebApplication.php(141): CWebApplication->runController('site/page/undef...')
#5 /var/www/lodar/data/www/geofarm.com.ua/framework/base/CApplication.php(184): CWebApplication->processRequest()
#6 /var/www/lodar/data/www/geofarm.com.ua/index.php(17): CApplication->run()
#7 {main}
REQUEST_URI=/site/page/undefined?1568312601641
HTTP_REFERER=http://geofarm.com.ua/site/page/1
---
2019/09/12 21:23:41 [error] [exception.CHttpException.404] exception 'CHttpException' with message 'Системе не удалось найти запрашиваемое действие "undefined".' in /var/www/lodar/data/www/geofarm.com.ua/framework/web/CController.php:483
Stack trace:
#0 /var/www/lodar/data/www/geofarm.com.ua/framework/web/CController.php(270): CController->missingAction('undefined')
#1 /var/www/lodar/data/www/geofarm.com.ua/framework/web/CWebApplication.php(282): CController->run('undefined')
#2 /var/www/lodar/data/www/geofarm.com.ua/framework/web/CWebApplication.php(141): CWebApplication->runController('site/undefined')
#3 /var/www/lodar/data/www/geofarm.com.ua/framework/base/CApplication.php(184): CWebApplication->processRequest()
#4 /var/www/lodar/data/www/geofarm.com.ua/index.php(17): CApplication->run()
#5 {main}
REQUEST_URI=/site/undefined?1568312622936
HTTP_REFERER=http://geofarm.com.ua/site/contact
---
2019/09/12 21:39:33 [error] [exception.CHttpException.400] exception 'CHttpException' with message 'Некорректный запрос.' in /var/www/lodar/data/www/geofarm.com.ua/framework/web/CController.php:336
Stack trace:
#0 /var/www/lodar/data/www/geofarm.com.ua/framework/web/CController.php(309): CController->invalidActionParams(Object(CInlineAction))
#1 /var/www/lodar/data/www/geofarm.com.ua/framework/web/CController.php(286): CController->runAction(Object(CInlineAction))
#2 /var/www/lodar/data/www/geofarm.com.ua/framework/web/CController.php(265): CController->runActionWithFilters(Object(CInlineAction), Array)
#3 /var/www/lodar/data/www/geofarm.com.ua/framework/web/CWebApplication.php(282): CController->run('page')
#4 /var/www/lodar/data/www/geofarm.com.ua/framework/web/CWebApplication.php(141): CWebApplication->runController('site/page/undef...')
#5 /var/www/lodar/data/www/geofarm.com.ua/framework/base/CApplication.php(184): CWebApplication->processRequest()
#6 /var/www/lodar/data/www/geofarm.com.ua/index.php(17): CApplication->run()
#7 {main}
REQUEST_URI=/site/page/undefined?1568313573563
HTTP_REFERER=http://geofarm.com.ua/site/page/1
---
2019/09/12 21:39:42 [error] [exception.CHttpException.400] exception 'CHttpException' with message 'Некорректный запрос.' in /var/www/lodar/data/www/geofarm.com.ua/framework/web/CController.php:336
Stack trace:
#0 /var/www/lodar/data/www/geofarm.com.ua/framework/web/CController.php(309): CController->invalidActionParams(Object(CInlineAction))
#1 /var/www/lodar/data/www/geofarm.com.ua/framework/web/CController.php(286): CController->runAction(Object(CInlineAction))
#2 /var/www/lodar/data/www/geofarm.com.ua/framework/web/CController.php(265): CController->runActionWithFilters(Object(CInlineAction), Array)
#3 /var/www/lodar/data/www/geofarm.com.ua/framework/web/CWebApplication.php(282): CController->run('page')
#4 /var/www/lodar/data/www/geofarm.com.ua/framework/web/CWebApplication.php(141): CWebApplication->runController('site/page/undef...')
#5 /var/www/lodar/data/www/geofarm.com.ua/framework/base/CApplication.php(184): CWebApplication->processRequest()
#6 /var/www/lodar/data/www/geofarm.com.ua/index.php(17): CApplication->run()
#7 {main}
REQUEST_URI=/site/page/undefined?1568313582642
HTTP_REFERER=http://geofarm.com.ua/site/page/1
---
2019/09/13 00:24:14 [error] [exception.CHttpException.404] exception 'CHttpException' with message 'Системе не удалось найти запрашиваемое действие "docs-assets".' in /var/www/lodar/data/www/geofarm.com.ua/framework/web/CController.php:483
Stack trace:
#0 /var/www/lodar/data/www/geofarm.com.ua/framework/web/CController.php(270): CController->missingAction('docs-assets')
#1 /var/www/lodar/data/www/geofarm.com.ua/framework/web/CWebApplication.php(282): CController->run('docs-assets')
#2 /var/www/lodar/data/www/geofarm.com.ua/framework/web/CWebApplication.php(141): CWebApplication->runController('site/docs-asset...')
#3 /var/www/lodar/data/www/geofarm.com.ua/framework/base/CApplication.php(184): CWebApplication->processRequest()
#4 /var/www/lodar/data/www/geofarm.com.ua/index.php(17): CApplication->run()
#5 {main}
REQUEST_URI=/site/docs-assets/js/ie8-responsive-file-warning.js
HTTP_REFERER=http://www.geofarm.com.ua/site/page/1
---
2019/09/13 00:24:14 [error] [exception.CHttpException.404] exception 'CHttpException' with message 'Невозможно обработать запрос "https@oss.maxcdn.com/libs/html5shiv/3.7.0/html5shiv.js".' in /var/www/lodar/data/www/geofarm.com.ua/framework/web/CWebApplication.php:286
Stack trace:
#0 /var/www/lodar/data/www/geofarm.com.ua/framework/web/CWebApplication.php(141): CWebApplication->runController('https@oss.maxcd...')
#1 /var/www/lodar/data/www/geofarm.com.ua/framework/base/CApplication.php(184): CWebApplication->processRequest()
#2 /var/www/lodar/data/www/geofarm.com.ua/index.php(17): CApplication->run()
#3 {main}
REQUEST_URI=/https@oss.maxcdn.com/libs/html5shiv/3.7.0/html5shiv.js
HTTP_REFERER=http://www.geofarm.com.ua/site/page/1
---
2019/09/13 00:24:16 [error] [exception.CHttpException.404] exception 'CHttpException' with message 'Невозможно обработать запрос "https@oss.maxcdn.com/libs/respond.js/1.3.0/respond.min.js".' in /var/www/lodar/data/www/geofarm.com.ua/framework/web/CWebApplication.php:286
Stack trace:
#0 /var/www/lodar/data/www/geofarm.com.ua/framework/web/CWebApplication.php(141): CWebApplication->runController('https@oss.maxcd...')
#1 /var/www/lodar/data/www/geofarm.com.ua/framework/base/CApplication.php(184): CWebApplication->processRequest()
#2 /var/www/lodar/data/www/geofarm.com.ua/index.php(17): CApplication->run()
#3 {main}
REQUEST_URI=/https@oss.maxcdn.com/libs/respond.js/1.3.0/respond.min.js
HTTP_REFERER=http://www.geofarm.com.ua/site/page/1
---
2019/09/13 03:20:59 [error] [exception.CHttpException.404] exception 'CHttpException' with message 'Системе не удалось найти запрашиваемое действие "docs-assets".' in /var/www/lodar/data/www/geofarm.com.ua/framework/web/CController.php:483
Stack trace:
#0 /var/www/lodar/data/www/geofarm.com.ua/framework/web/CController.php(270): CController->missingAction('docs-assets')
#1 /var/www/lodar/data/www/geofarm.com.ua/framework/web/CWebApplication.php(282): CController->run('docs-assets')
#2 /var/www/lodar/data/www/geofarm.com.ua/framework/web/CWebApplication.php(141): CWebApplication->runController('site/docs-asset...')
#3 /var/www/lodar/data/www/geofarm.com.ua/framework/base/CApplication.php(184): CWebApplication->processRequest()
#4 /var/www/lodar/data/www/geofarm.com.ua/index.php(17): CApplication->run()
#5 {main}
REQUEST_URI=/site/docs-assets/js/ie8-responsive-file-warning.js
HTTP_REFERER=http://www.geofarm.com.ua/site/page/1
---
2019/09/13 03:21:01 [error] [exception.CHttpException.404] exception 'CHttpException' with message 'Невозможно обработать запрос "https@oss.maxcdn.com/libs/html5shiv/3.7.0/html5shiv.js".' in /var/www/lodar/data/www/geofarm.com.ua/framework/web/CWebApplication.php:286
Stack trace:
#0 /var/www/lodar/data/www/geofarm.com.ua/framework/web/CWebApplication.php(141): CWebApplication->runController('https@oss.maxcd...')
#1 /var/www/lodar/data/www/geofarm.com.ua/framework/base/CApplication.php(184): CWebApplication->processRequest()
#2 /var/www/lodar/data/www/geofarm.com.ua/index.php(17): CApplication->run()
#3 {main}
REQUEST_URI=/https@oss.maxcdn.com/libs/html5shiv/3.7.0/html5shiv.js
HTTP_REFERER=http://www.geofarm.com.ua/site/page/1
---
2019/09/13 03:21:02 [error] [exception.CHttpException.404] exception 'CHttpException' with message 'Невозможно обработать запрос "https@oss.maxcdn.com/libs/respond.js/1.3.0/respond.min.js".' in /var/www/lodar/data/www/geofarm.com.ua/framework/web/CWebApplication.php:286
Stack trace:
#0 /var/www/lodar/data/www/geofarm.com.ua/framework/web/CWebApplication.php(141): CWebApplication->runController('https@oss.maxcd...')
#1 /var/www/lodar/data/www/geofarm.com.ua/framework/base/CApplication.php(184): CWebApplication->processRequest()
#2 /var/www/lodar/data/www/geofarm.com.ua/index.php(17): CApplication->run()
#3 {main}
REQUEST_URI=/https@oss.maxcdn.com/libs/respond.js/1.3.0/respond.min.js
HTTP_REFERER=http://www.geofarm.com.ua/site/page/1
---
2019/09/13 04:49:52 [error] [exception.CHttpException.404] exception 'CHttpException' with message 'Системе не удалось найти запрашиваемое действие "docs-assets".' in /var/www/lodar/data/www/geofarm.com.ua/framework/web/CController.php:483
Stack trace:
#0 /var/www/lodar/data/www/geofarm.com.ua/framework/web/CController.php(270): CController->missingAction('docs-assets')
#1 /var/www/lodar/data/www/geofarm.com.ua/framework/web/CWebApplication.php(282): CController->run('docs-assets')
#2 /var/www/lodar/data/www/geofarm.com.ua/framework/web/CWebApplication.php(141): CWebApplication->runController('site/docs-asset...')
#3 /var/www/lodar/data/www/geofarm.com.ua/framework/base/CApplication.php(184): CWebApplication->processRequest()
#4 /var/www/lodar/data/www/geofarm.com.ua/index.php(17): CApplication->run()
#5 {main}
REQUEST_URI=/site/docs-assets/js/ie8-responsive-file-warning.js
HTTP_REFERER=http://www.geofarm.com.ua/site/page/1
---
2019/09/13 04:49:52 [error] [exception.CHttpException.404] exception 'CHttpException' with message 'Невозможно обработать запрос "https@oss.maxcdn.com/libs/html5shiv/3.7.0/html5shiv.js".' in /var/www/lodar/data/www/geofarm.com.ua/framework/web/CWebApplication.php:286
Stack trace:
#0 /var/www/lodar/data/www/geofarm.com.ua/framework/web/CWebApplication.php(141): CWebApplication->runController('https@oss.maxcd...')
#1 /var/www/lodar/data/www/geofarm.com.ua/framework/base/CApplication.php(184): CWebApplication->processRequest()
#2 /var/www/lodar/data/www/geofarm.com.ua/index.php(17): CApplication->run()
#3 {main}
REQUEST_URI=/https@oss.maxcdn.com/libs/html5shiv/3.7.0/html5shiv.js
HTTP_REFERER=http://www.geofarm.com.ua/site/page/1
---
2019/09/13 04:49:53 [error] [exception.CHttpException.404] exception 'CHttpException' with message 'Невозможно обработать запрос "https@oss.maxcdn.com/libs/respond.js/1.3.0/respond.min.js".' in /var/www/lodar/data/www/geofarm.com.ua/framework/web/CWebApplication.php:286
Stack trace:
#0 /var/www/lodar/data/www/geofarm.com.ua/framework/web/CWebApplication.php(141): CWebApplication->runController('https@oss.maxcd...')
#1 /var/www/lodar/data/www/geofarm.com.ua/framework/base/CApplication.php(184): CWebApplication->processRequest()
#2 /var/www/lodar/data/www/geofarm.com.ua/index.php(17): CApplication->run()
#3 {main}
REQUEST_URI=/https@oss.maxcdn.com/libs/respond.js/1.3.0/respond.min.js
HTTP_REFERER=http://www.geofarm.com.ua/site/page/1
---
2019/09/13 06:47:03 [error] [exception.CHttpException.404] exception 'CHttpException' with message 'Системе не удалось найти запрашиваемое действие "docs-assets".' in /var/www/lodar/data/www/geofarm.com.ua/framework/web/CController.php:483
Stack trace:
#0 /var/www/lodar/data/www/geofarm.com.ua/framework/web/CController.php(270): CController->missingAction('docs-assets')
#1 /var/www/lodar/data/www/geofarm.com.ua/framework/web/CWebApplication.php(282): CController->run('docs-assets')
#2 /var/www/lodar/data/www/geofarm.com.ua/framework/web/CWebApplication.php(141): CWebApplication->runController('site/docs-asset...')
#3 /var/www/lodar/data/www/geofarm.com.ua/framework/base/CApplication.php(184): CWebApplication->processRequest()
#4 /var/www/lodar/data/www/geofarm.com.ua/index.php(17): CApplication->run()
#5 {main}
REQUEST_URI=/site/docs-assets/js/ie8-responsive-file-warning.js
HTTP_REFERER=http://www.geofarm.com.ua/site/page/1
---
2019/09/13 06:47:03 [error] [exception.CHttpException.404] exception 'CHttpException' with message 'Невозможно обработать запрос "https@oss.maxcdn.com/libs/html5shiv/3.7.0/html5shiv.js".' in /var/www/lodar/data/www/geofarm.com.ua/framework/web/CWebApplication.php:286
Stack trace:
#0 /var/www/lodar/data/www/geofarm.com.ua/framework/web/CWebApplication.php(141): CWebApplication->runController('https@oss.maxcd...')
#1 /var/www/lodar/data/www/geofarm.com.ua/framework/base/CApplication.php(184): CWebApplication->processRequest()
#2 /var/www/lodar/data/www/geofarm.com.ua/index.php(17): CApplication->run()
#3 {main}
REQUEST_URI=/https@oss.maxcdn.com/libs/html5shiv/3.7.0/html5shiv.js
HTTP_REFERER=http://www.geofarm.com.ua/site/page/1
---
2019/09/13 06:47:04 [error] [exception.CHttpException.404] exception 'CHttpException' with message 'Невозможно обработать запрос "https@oss.maxcdn.com/libs/respond.js/1.3.0/respond.min.js".' in /var/www/lodar/data/www/geofarm.com.ua/framework/web/CWebApplication.php:286
Stack trace:
#0 /var/www/lodar/data/www/geofarm.com.ua/framework/web/CWebApplication.php(141): CWebApplication->runController('https@oss.maxcd...')
#1 /var/www/lodar/data/www/geofarm.com.ua/framework/base/CApplication.php(184): CWebApplication->processRequest()
#2 /var/www/lodar/data/www/geofarm.com.ua/index.php(17): CApplication->run()
#3 {main}
REQUEST_URI=/https@oss.maxcdn.com/libs/respond.js/1.3.0/respond.min.js
HTTP_REFERER=http://www.geofarm.com.ua/site/page/1
---
2019/09/13 07:32:33 [error] [exception.CHttpException.400] exception 'CHttpException' with message 'Некорректный запрос.' in /var/www/lodar/data/www/geofarm.com.ua/framework/web/CController.php:336
Stack trace:
#0 /var/www/lodar/data/www/geofarm.com.ua/framework/web/CController.php(309): CController->invalidActionParams(Object(CInlineAction))
#1 /var/www/lodar/data/www/geofarm.com.ua/framework/web/CController.php(286): CController->runAction(Object(CInlineAction))
#2 /var/www/lodar/data/www/geofarm.com.ua/framework/web/CController.php(265): CController->runActionWithFilters(Object(CInlineAction), Array)
#3 /var/www/lodar/data/www/geofarm.com.ua/framework/web/CWebApplication.php(282): CController->run('product_view')
#4 /var/www/lodar/data/www/geofarm.com.ua/framework/web/CWebApplication.php(141): CWebApplication->runController('site/product_vi...')
#5 /var/www/lodar/data/www/geofarm.com.ua/framework/base/CApplication.php(184): CWebApplication->processRequest()
#6 /var/www/lodar/data/www/geofarm.com.ua/index.php(17): CApplication->run()
#7 {main}
REQUEST_URI=/site/product_view/undefined?1568349153910
HTTP_REFERER=http://geofarm.com.ua/site/product_view/3
---
2019/09/13 08:13:24 [error] [exception.CHttpException.400] exception 'CHttpException' with message 'Некорректный запрос.' in /var/www/lodar/data/www/geofarm.com.ua/framework/web/CController.php:336
Stack trace:
#0 /var/www/lodar/data/www/geofarm.com.ua/framework/web/CController.php(309): CController->invalidActionParams(Object(CInlineAction))
#1 /var/www/lodar/data/www/geofarm.com.ua/framework/web/CController.php(286): CController->runAction(Object(CInlineAction))
#2 /var/www/lodar/data/www/geofarm.com.ua/framework/web/CController.php(265): CController->runActionWithFilters(Object(CInlineAction), Array)
#3 /var/www/lodar/data/www/geofarm.com.ua/framework/web/CWebApplication.php(282): CController->run('product_view')
#4 /var/www/lodar/data/www/geofarm.com.ua/framework/web/CWebApplication.php(141): CWebApplication->runController('site/product_vi...')
#5 /var/www/lodar/data/www/geofarm.com.ua/framework/base/CApplication.php(184): CWebApplication->processRequest()
#6 /var/www/lodar/data/www/geofarm.com.ua/index.php(17): CApplication->run()
#7 {main}
REQUEST_URI=/site/product_view/undefined?1568351603831
HTTP_REFERER=http://www.geofarm.com.ua/site/product_view/28
---
2019/09/13 20:37:13 [error] [exception.CHttpException.404] exception 'CHttpException' with message 'Системе не удалось найти запрашиваемое действие "docs-assets".' in /var/www/lodar/data/www/geofarm.com.ua/framework/web/CController.php:483
Stack trace:
#0 /var/www/lodar/data/www/geofarm.com.ua/framework/web/CController.php(270): CController->missingAction('docs-assets')
#1 /var/www/lodar/data/www/geofarm.com.ua/framework/web/CWebApplication.php(282): CController->run('docs-assets')
#2 /var/www/lodar/data/www/geofarm.com.ua/framework/web/CWebApplication.php(141): CWebApplication->runController('site/docs-asset...')
#3 /var/www/lodar/data/www/geofarm.com.ua/framework/base/CApplication.php(184): CWebApplication->processRequest()
#4 /var/www/lodar/data/www/geofarm.com.ua/index.php(17): CApplication->run()
#5 {main}
REQUEST_URI=/site/docs-assets/js/ie8-responsive-file-warning.js
HTTP_REFERER=http://www.geofarm.com.ua/site/page/1
---
2019/09/13 20:37:14 [error] [exception.CHttpException.404] exception 'CHttpException' with message 'Невозможно обработать запрос "https@oss.maxcdn.com/libs/html5shiv/3.7.0/html5shiv.js".' in /var/www/lodar/data/www/geofarm.com.ua/framework/web/CWebApplication.php:286
Stack trace:
#0 /var/www/lodar/data/www/geofarm.com.ua/framework/web/CWebApplication.php(141): CWebApplication->runController('https@oss.maxcd...')
#1 /var/www/lodar/data/www/geofarm.com.ua/framework/base/CApplication.php(184): CWebApplication->processRequest()
#2 /var/www/lodar/data/www/geofarm.com.ua/index.php(17): CApplication->run()
#3 {main}
REQUEST_URI=/https@oss.maxcdn.com/libs/html5shiv/3.7.0/html5shiv.js
HTTP_REFERER=http://www.geofarm.com.ua/site/page/1
---
2019/09/13 20:37:14 [error] [exception.CHttpException.404] exception 'CHttpException' with message 'Невозможно обработать запрос "https@oss.maxcdn.com/libs/respond.js/1.3.0/respond.min.js".' in /var/www/lodar/data/www/geofarm.com.ua/framework/web/CWebApplication.php:286
Stack trace:
#0 /var/www/lodar/data/www/geofarm.com.ua/framework/web/CWebApplication.php(141): CWebApplication->runController('https@oss.maxcd...')
#1 /var/www/lodar/data/www/geofarm.com.ua/framework/base/CApplication.php(184): CWebApplication->processRequest()
#2 /var/www/lodar/data/www/geofarm.com.ua/index.php(17): CApplication->run()
#3 {main}
REQUEST_URI=/https@oss.maxcdn.com/libs/respond.js/1.3.0/respond.min.js
HTTP_REFERER=http://www.geofarm.com.ua/site/page/1
---
2019/09/13 22:01:34 [error] [exception.CHttpException.404] exception 'CHttpException' with message 'Системе не удалось найти запрашиваемое действие "docs-assets".' in /var/www/lodar/data/www/geofarm.com.ua/framework/web/CController.php:483
Stack trace:
#0 /var/www/lodar/data/www/geofarm.com.ua/framework/web/CController.php(270): CController->missingAction('docs-assets')
#1 /var/www/lodar/data/www/geofarm.com.ua/framework/web/CWebApplication.php(282): CController->run('docs-assets')
#2 /var/www/lodar/data/www/geofarm.com.ua/framework/web/CWebApplication.php(141): CWebApplication->runController('site/docs-asset...')
#3 /var/www/lodar/data/www/geofarm.com.ua/framework/base/CApplication.php(184): CWebApplication->processRequest()
#4 /var/www/lodar/data/www/geofarm.com.ua/index.php(17): CApplication->run()
#5 {main}
REQUEST_URI=/site/docs-assets/js/ie8-responsive-file-warning.js
HTTP_REFERER=http://www.geofarm.com.ua/site/page/1
---
2019/09/13 22:01:35 [error] [exception.CHttpException.404] exception 'CHttpException' with message 'Невозможно обработать запрос "https@oss.maxcdn.com/libs/html5shiv/3.7.0/html5shiv.js".' in /var/www/lodar/data/www/geofarm.com.ua/framework/web/CWebApplication.php:286
Stack trace:
#0 /var/www/lodar/data/www/geofarm.com.ua/framework/web/CWebApplication.php(141): CWebApplication->runController('https@oss.maxcd...')
#1 /var/www/lodar/data/www/geofarm.com.ua/framework/base/CApplication.php(184): CWebApplication->processRequest()
#2 /var/www/lodar/data/www/geofarm.com.ua/index.php(17): CApplication->run()
#3 {main}
REQUEST_URI=/https@oss.maxcdn.com/libs/html5shiv/3.7.0/html5shiv.js
HTTP_REFERER=http://www.geofarm.com.ua/site/page/1
---
2019/09/13 22:01:36 [error] [exception.CHttpException.404] exception 'CHttpException' with message 'Невозможно обработать запрос "https@oss.maxcdn.com/libs/respond.js/1.3.0/respond.min.js".' in /var/www/lodar/data/www/geofarm.com.ua/framework/web/CWebApplication.php:286
Stack trace:
#0 /var/www/lodar/data/www/geofarm.com.ua/framework/web/CWebApplication.php(141): CWebApplication->runController('https@oss.maxcd...')
#1 /var/www/lodar/data/www/geofarm.com.ua/framework/base/CApplication.php(184): CWebApplication->processRequest()
#2 /var/www/lodar/data/www/geofarm.com.ua/index.php(17): CApplication->run()
#3 {main}
REQUEST_URI=/https@oss.maxcdn.com/libs/respond.js/1.3.0/respond.min.js
HTTP_REFERER=http://www.geofarm.com.ua/site/page/1
---
2019/09/13 23:39:58 [error] [exception.CHttpException.404] exception 'CHttpException' with message 'Системе не удалось найти запрашиваемое действие "docs-assets".' in /var/www/lodar/data/www/geofarm.com.ua/framework/web/CController.php:483
Stack trace:
#0 /var/www/lodar/data/www/geofarm.com.ua/framework/web/CController.php(270): CController->missingAction('docs-assets')
#1 /var/www/lodar/data/www/geofarm.com.ua/framework/web/CWebApplication.php(282): CController->run('docs-assets')
#2 /var/www/lodar/data/www/geofarm.com.ua/framework/web/CWebApplication.php(141): CWebApplication->runController('site/docs-asset...')
#3 /var/www/lodar/data/www/geofarm.com.ua/framework/base/CApplication.php(184): CWebApplication->processRequest()
#4 /var/www/lodar/data/www/geofarm.com.ua/index.php(17): CApplication->run()
#5 {main}
REQUEST_URI=/site/docs-assets/js/ie8-responsive-file-warning.js
HTTP_REFERER=http://www.geofarm.com.ua/site/page/1
---
2019/09/13 23:39:59 [error] [exception.CHttpException.404] exception 'CHttpException' with message 'Невозможно обработать запрос "https@oss.maxcdn.com/libs/html5shiv/3.7.0/html5shiv.js".' in /var/www/lodar/data/www/geofarm.com.ua/framework/web/CWebApplication.php:286
Stack trace:
#0 /var/www/lodar/data/www/geofarm.com.ua/framework/web/CWebApplication.php(141): CWebApplication->runController('https@oss.maxcd...')
#1 /var/www/lodar/data/www/geofarm.com.ua/framework/base/CApplication.php(184): CWebApplication->processRequest()
#2 /var/www/lodar/data/www/geofarm.com.ua/index.php(17): CApplication->run()
#3 {main}
REQUEST_URI=/https@oss.maxcdn.com/libs/html5shiv/3.7.0/html5shiv.js
HTTP_REFERER=http://www.geofarm.com.ua/site/page/1
---
2019/09/13 23:39:59 [error] [exception.CHttpException.404] exception 'CHttpException' with message 'Невозможно обработать запрос "https@oss.maxcdn.com/libs/respond.js/1.3.0/respond.min.js".' in /var/www/lodar/data/www/geofarm.com.ua/framework/web/CWebApplication.php:286
Stack trace:
#0 /var/www/lodar/data/www/geofarm.com.ua/framework/web/CWebApplication.php(141): CWebApplication->runController('https@oss.maxcd...')
#1 /var/www/lodar/data/www/geofarm.com.ua/framework/base/CApplication.php(184): CWebApplication->processRequest()
#2 /var/www/lodar/data/www/geofarm.com.ua/index.php(17): CApplication->run()
#3 {main}
REQUEST_URI=/https@oss.maxcdn.com/libs/respond.js/1.3.0/respond.min.js
HTTP_REFERER=http://www.geofarm.com.ua/site/page/1
---
2019/09/14 01:33:31 [error] [exception.CHttpException.404] exception 'CHttpException' with message 'Системе не удалось найти запрашиваемое действие "docs-assets".' in /var/www/lodar/data/www/geofarm.com.ua/framework/web/CController.php:483
Stack trace:
#0 /var/www/lodar/data/www/geofarm.com.ua/framework/web/CController.php(270): CController->missingAction('docs-assets')
#1 /var/www/lodar/data/www/geofarm.com.ua/framework/web/CWebApplication.php(282): CController->run('docs-assets')
#2 /var/www/lodar/data/www/geofarm.com.ua/framework/web/CWebApplication.php(141): CWebApplication->runController('site/docs-asset...')
#3 /var/www/lodar/data/www/geofarm.com.ua/framework/base/CApplication.php(184): CWebApplication->processRequest()
#4 /var/www/lodar/data/www/geofarm.com.ua/index.php(17): CApplication->run()
#5 {main}
REQUEST_URI=/site/docs-assets/js/ie8-responsive-file-warning.js
HTTP_REFERER=http://www.geofarm.com.ua/site/page/1
---
2019/09/14 01:33:31 [error] [exception.CHttpException.404] exception 'CHttpException' with message 'Невозможно обработать запрос "https@oss.maxcdn.com/libs/html5shiv/3.7.0/html5shiv.js".' in /var/www/lodar/data/www/geofarm.com.ua/framework/web/CWebApplication.php:286
Stack trace:
#0 /var/www/lodar/data/www/geofarm.com.ua/framework/web/CWebApplication.php(141): CWebApplication->runController('https@oss.maxcd...')
#1 /var/www/lodar/data/www/geofarm.com.ua/framework/base/CApplication.php(184): CWebApplication->processRequest()
#2 /var/www/lodar/data/www/geofarm.com.ua/index.php(17): CApplication->run()
#3 {main}
REQUEST_URI=/https@oss.maxcdn.com/libs/html5shiv/3.7.0/html5shiv.js
HTTP_REFERER=http://www.geofarm.com.ua/site/page/1
---
2019/09/14 01:33:32 [error] [exception.CHttpException.404] exception 'CHttpException' with message 'Невозможно обработать запрос "https@oss.maxcdn.com/libs/respond.js/1.3.0/respond.min.js".' in /var/www/lodar/data/www/geofarm.com.ua/framework/web/CWebApplication.php:286
Stack trace:
#0 /var/www/lodar/data/www/geofarm.com.ua/framework/web/CWebApplication.php(141): CWebApplication->runController('https@oss.maxcd...')
#1 /var/www/lodar/data/www/geofarm.com.ua/framework/base/CApplication.php(184): CWebApplication->processRequest()
#2 /var/www/lodar/data/www/geofarm.com.ua/index.php(17): CApplication->run()
#3 {main}
REQUEST_URI=/https@oss.maxcdn.com/libs/respond.js/1.3.0/respond.min.js
HTTP_REFERER=http://www.geofarm.com.ua/site/page/1
---
2019/09/14 12:08:05 [error] [exception.CHttpException.400] exception 'CHttpException' with message 'Некорректный запрос.' in /var/www/lodar/data/www/geofarm.com.ua/framework/web/CController.php:336
Stack trace:
#0 /var/www/lodar/data/www/geofarm.com.ua/framework/web/CController.php(309): CController->invalidActionParams(Object(CInlineAction))
#1 /var/www/lodar/data/www/geofarm.com.ua/framework/web/CController.php(286): CController->runAction(Object(CInlineAction))
#2 /var/www/lodar/data/www/geofarm.com.ua/framework/web/CController.php(265): CController->runActionWithFilters(Object(CInlineAction), Array)
#3 /var/www/lodar/data/www/geofarm.com.ua/framework/web/CWebApplication.php(282): CController->run('product_view')
#4 /var/www/lodar/data/www/geofarm.com.ua/framework/web/CWebApplication.php(141): CWebApplication->runController('site/product_vi...')
#5 /var/www/lodar/data/www/geofarm.com.ua/framework/base/CApplication.php(184): CWebApplication->processRequest()
#6 /var/www/lodar/data/www/geofarm.com.ua/index.php(17): CApplication->run()
#7 {main}
REQUEST_URI=/site/product_view/undefined?1568452084500
HTTP_REFERER=http://www.geofarm.com.ua/site/product_view/28
---
2019/09/15 09:03:58 [error] [exception.CHttpException.404] exception 'CHttpException' with message 'Невозможно обработать запрос "ads.txt".' in /var/www/lodar/data/www/geofarm.com.ua/framework/web/CWebApplication.php:286
Stack trace:
#0 /var/www/lodar/data/www/geofarm.com.ua/framework/web/CWebApplication.php(141): CWebApplication->runController('ads.txt')
#1 /var/www/lodar/data/www/geofarm.com.ua/framework/base/CApplication.php(184): CWebApplication->processRequest()
#2 /var/www/lodar/data/www/geofarm.com.ua/index.php(17): CApplication->run()
#3 {main}
REQUEST_URI=/ads.txt
---
2019/09/15 20:11:37 [error] [exception.CHttpException.404] exception 'CHttpException' with message 'Системе не удалось найти запрашиваемое действие "docs-assets".' in /var/www/lodar/data/www/geofarm.com.ua/framework/web/CController.php:483
Stack trace:
#0 /var/www/lodar/data/www/geofarm.com.ua/framework/web/CController.php(270): CController->missingAction('docs-assets')
#1 /var/www/lodar/data/www/geofarm.com.ua/framework/web/CWebApplication.php(282): CController->run('docs-assets')
#2 /var/www/lodar/data/www/geofarm.com.ua/framework/web/CWebApplication.php(141): CWebApplication->runController('site/docs-asset...')
#3 /var/www/lodar/data/www/geofarm.com.ua/framework/base/CApplication.php(184): CWebApplication->processRequest()
#4 /var/www/lodar/data/www/geofarm.com.ua/index.php(17): CApplication->run()
#5 {main}
REQUEST_URI=/site/docs-assets/js/ie8-responsive-file-warning.js
HTTP_REFERER=http://www.geofarm.com.ua/site/page/1
---
2019/09/15 20:11:37 [error] [exception.CHttpException.404] exception 'CHttpException' with message 'Невозможно обработать запрос "https@oss.maxcdn.com/libs/html5shiv/3.7.0/html5shiv.js".' in /var/www/lodar/data/www/geofarm.com.ua/framework/web/CWebApplication.php:286
Stack trace:
#0 /var/www/lodar/data/www/geofarm.com.ua/framework/web/CWebApplication.php(141): CWebApplication->runController('https@oss.maxcd...')
#1 /var/www/lodar/data/www/geofarm.com.ua/framework/base/CApplication.php(184): CWebApplication->processRequest()
#2 /var/www/lodar/data/www/geofarm.com.ua/index.php(17): CApplication->run()
#3 {main}
REQUEST_URI=/https@oss.maxcdn.com/libs/html5shiv/3.7.0/html5shiv.js
HTTP_REFERER=http://www.geofarm.com.ua/site/page/1
---
2019/09/15 20:11:38 [error] [exception.CHttpException.404] exception 'CHttpException' with message 'Невозможно обработать запрос "https@oss.maxcdn.com/libs/respond.js/1.3.0/respond.min.js".' in /var/www/lodar/data/www/geofarm.com.ua/framework/web/CWebApplication.php:286
Stack trace:
#0 /var/www/lodar/data/www/geofarm.com.ua/framework/web/CWebApplication.php(141): CWebApplication->runController('https@oss.maxcd...')
#1 /var/www/lodar/data/www/geofarm.com.ua/framework/base/CApplication.php(184): CWebApplication->processRequest()
#2 /var/www/lodar/data/www/geofarm.com.ua/index.php(17): CApplication->run()
#3 {main}
REQUEST_URI=/https@oss.maxcdn.com/libs/respond.js/1.3.0/respond.min.js
HTTP_REFERER=http://www.geofarm.com.ua/site/page/1
---
2019/09/16 00:20:06 [error] [exception.CHttpException.404] exception 'CHttpException' with message 'Системе не удалось найти запрашиваемое действие "docs-assets".' in /var/www/lodar/data/www/geofarm.com.ua/framework/web/CController.php:483
Stack trace:
#0 /var/www/lodar/data/www/geofarm.com.ua/framework/web/CController.php(270): CController->missingAction('docs-assets')
#1 /var/www/lodar/data/www/geofarm.com.ua/framework/web/CWebApplication.php(282): CController->run('docs-assets')
#2 /var/www/lodar/data/www/geofarm.com.ua/framework/web/CWebApplication.php(141): CWebApplication->runController('site/docs-asset...')
#3 /var/www/lodar/data/www/geofarm.com.ua/framework/base/CApplication.php(184): CWebApplication->processRequest()
#4 /var/www/lodar/data/www/geofarm.com.ua/index.php(17): CApplication->run()
#5 {main}
REQUEST_URI=/site/docs-assets/js/ie8-responsive-file-warning.js
HTTP_REFERER=http://www.geofarm.com.ua/site/page/1
---
2019/09/16 00:20:07 [error] [exception.CHttpException.404] exception 'CHttpException' with message 'Невозможно обработать запрос "https@oss.maxcdn.com/libs/html5shiv/3.7.0/html5shiv.js".' in /var/www/lodar/data/www/geofarm.com.ua/framework/web/CWebApplication.php:286
Stack trace:
#0 /var/www/lodar/data/www/geofarm.com.ua/framework/web/CWebApplication.php(141): CWebApplication->runController('https@oss.maxcd...')
#1 /var/www/lodar/data/www/geofarm.com.ua/framework/base/CApplication.php(184): CWebApplication->processRequest()
#2 /var/www/lodar/data/www/geofarm.com.ua/index.php(17): CApplication->run()
#3 {main}
REQUEST_URI=/https@oss.maxcdn.com/libs/html5shiv/3.7.0/html5shiv.js
HTTP_REFERER=http://www.geofarm.com.ua/site/page/1
---
2019/09/16 00:20:07 [error] [exception.CHttpException.404] exception 'CHttpException' with message 'Невозможно обработать запрос "https@oss.maxcdn.com/libs/respond.js/1.3.0/respond.min.js".' in /var/www/lodar/data/www/geofarm.com.ua/framework/web/CWebApplication.php:286
Stack trace:
#0 /var/www/lodar/data/www/geofarm.com.ua/framework/web/CWebApplication.php(141): CWebApplication->runController('https@oss.maxcd...')
#1 /var/www/lodar/data/www/geofarm.com.ua/framework/base/CApplication.php(184): CWebApplication->processRequest()
#2 /var/www/lodar/data/www/geofarm.com.ua/index.php(17): CApplication->run()
#3 {main}
REQUEST_URI=/https@oss.maxcdn.com/libs/respond.js/1.3.0/respond.min.js
HTTP_REFERER=http://www.geofarm.com.ua/site/page/1
---
2019/09/16 02:32:54 [error] [exception.CHttpException.404] exception 'CHttpException' with message 'Системе не удалось найти запрашиваемое действие "docs-assets".' in /var/www/lodar/data/www/geofarm.com.ua/framework/web/CController.php:483
Stack trace:
#0 /var/www/lodar/data/www/geofarm.com.ua/framework/web/CController.php(270): CController->missingAction('docs-assets')
#1 /var/www/lodar/data/www/geofarm.com.ua/framework/web/CWebApplication.php(282): CController->run('docs-assets')
#2 /var/www/lodar/data/www/geofarm.com.ua/framework/web/CWebApplication.php(141): CWebApplication->runController('site/docs-asset...')
#3 /var/www/lodar/data/www/geofarm.com.ua/framework/base/CApplication.php(184): CWebApplication->processRequest()
#4 /var/www/lodar/data/www/geofarm.com.ua/index.php(17): CApplication->run()
#5 {main}
REQUEST_URI=/site/docs-assets/js/ie8-responsive-file-warning.js
HTTP_REFERER=http://www.geofarm.com.ua/site/page/1
---
2019/09/16 02:32:55 [error] [exception.CHttpException.404] exception 'CHttpException' with message 'Невозможно обработать запрос "https@oss.maxcdn.com/libs/html5shiv/3.7.0/html5shiv.js".' in /var/www/lodar/data/www/geofarm.com.ua/framework/web/CWebApplication.php:286
Stack trace:
#0 /var/www/lodar/data/www/geofarm.com.ua/framework/web/CWebApplication.php(141): CWebApplication->runController('https@oss.maxcd...')
#1 /var/www/lodar/data/www/geofarm.com.ua/framework/base/CApplication.php(184): CWebApplication->processRequest()
#2 /var/www/lodar/data/www/geofarm.com.ua/index.php(17): CApplication->run()
#3 {main}
REQUEST_URI=/https@oss.maxcdn.com/libs/html5shiv/3.7.0/html5shiv.js
HTTP_REFERER=http://www.geofarm.com.ua/site/page/1
---
2019/09/16 02:32:55 [error] [exception.CHttpException.404] exception 'CHttpException' with message 'Невозможно обработать запрос "https@oss.maxcdn.com/libs/respond.js/1.3.0/respond.min.js".' in /var/www/lodar/data/www/geofarm.com.ua/framework/web/CWebApplication.php:286
Stack trace:
#0 /var/www/lodar/data/www/geofarm.com.ua/framework/web/CWebApplication.php(141): CWebApplication->runController('https@oss.maxcd...')
#1 /var/www/lodar/data/www/geofarm.com.ua/framework/base/CApplication.php(184): CWebApplication->processRequest()
#2 /var/www/lodar/data/www/geofarm.com.ua/index.php(17): CApplication->run()
#3 {main}
REQUEST_URI=/https@oss.maxcdn.com/libs/respond.js/1.3.0/respond.min.js
HTTP_REFERER=http://www.geofarm.com.ua/site/page/1
---
2019/09/16 04:34:33 [error] [exception.CHttpException.404] exception 'CHttpException' with message 'Системе не удалось найти запрашиваемое действие "docs-assets".' in /var/www/lodar/data/www/geofarm.com.ua/framework/web/CController.php:483
Stack trace:
#0 /var/www/lodar/data/www/geofarm.com.ua/framework/web/CController.php(270): CController->missingAction('docs-assets')
#1 /var/www/lodar/data/www/geofarm.com.ua/framework/web/CWebApplication.php(282): CController->run('docs-assets')
#2 /var/www/lodar/data/www/geofarm.com.ua/framework/web/CWebApplication.php(141): CWebApplication->runController('site/docs-asset...')
#3 /var/www/lodar/data/www/geofarm.com.ua/framework/base/CApplication.php(184): CWebApplication->processRequest()
#4 /var/www/lodar/data/www/geofarm.com.ua/index.php(17): CApplication->run()
#5 {main}
REQUEST_URI=/site/docs-assets/js/ie8-responsive-file-warning.js
HTTP_REFERER=http://www.geofarm.com.ua/site/page/1
---
2019/09/16 04:34:33 [error] [exception.CHttpException.404] exception 'CHttpException' with message 'Невозможно обработать запрос "https@oss.maxcdn.com/libs/html5shiv/3.7.0/html5shiv.js".' in /var/www/lodar/data/www/geofarm.com.ua/framework/web/CWebApplication.php:286
Stack trace:
#0 /var/www/lodar/data/www/geofarm.com.ua/framework/web/CWebApplication.php(141): CWebApplication->runController('https@oss.maxcd...')
#1 /var/www/lodar/data/www/geofarm.com.ua/framework/base/CApplication.php(184): CWebApplication->processRequest()
#2 /var/www/lodar/data/www/geofarm.com.ua/index.php(17): CApplication->run()
#3 {main}
REQUEST_URI=/https@oss.maxcdn.com/libs/html5shiv/3.7.0/html5shiv.js
HTTP_REFERER=http://www.geofarm.com.ua/site/page/1
---
2019/09/16 04:34:34 [error] [exception.CHttpException.404] exception 'CHttpException' with message 'Невозможно обработать запрос "https@oss.maxcdn.com/libs/respond.js/1.3.0/respond.min.js".' in /var/www/lodar/data/www/geofarm.com.ua/framework/web/CWebApplication.php:286
Stack trace:
#0 /var/www/lodar/data/www/geofarm.com.ua/framework/web/CWebApplication.php(141): CWebApplication->runController('https@oss.maxcd...')
#1 /var/www/lodar/data/www/geofarm.com.ua/framework/base/CApplication.php(184): CWebApplication->processRequest()
#2 /var/www/lodar/data/www/geofarm.com.ua/index.php(17): CApplication->run()
#3 {main}
REQUEST_URI=/https@oss.maxcdn.com/libs/respond.js/1.3.0/respond.min.js
HTTP_REFERER=http://www.geofarm.com.ua/site/page/1
---
2019/09/16 04:54:37 [error] [exception.CHttpException.404] exception 'CHttpException' with message 'Невозможно обработать запрос "ads.txt".' in /var/www/lodar/data/www/geofarm.com.ua/framework/web/CWebApplication.php:286
Stack trace:
#0 /var/www/lodar/data/www/geofarm.com.ua/framework/web/CWebApplication.php(141): CWebApplication->runController('ads.txt')
#1 /var/www/lodar/data/www/geofarm.com.ua/framework/base/CApplication.php(184): CWebApplication->processRequest()
#2 /var/www/lodar/data/www/geofarm.com.ua/index.php(17): CApplication->run()
#3 {main}
REQUEST_URI=/ads.txt
---
2019/09/16 15:18:02 [error] [exception.CHttpException.404] exception 'CHttpException' with message 'Невозможно обработать запрос "/blog".' in /var/www/lodar/data/www/geofarm.com.ua/framework/web/CWebApplication.php:286
Stack trace:
#0 /var/www/lodar/data/www/geofarm.com.ua/framework/web/CWebApplication.php(141): CWebApplication->runController('/blog')
#1 /var/www/lodar/data/www/geofarm.com.ua/framework/base/CApplication.php(184): CWebApplication->processRequest()
#2 /var/www/lodar/data/www/geofarm.com.ua/index.php(17): CApplication->run()
#3 {main}
REQUEST_URI=//blog/
HTTP_REFERER=http://www.geofarm.com.ua/
---
2019/09/16 17:03:30 [error] [exception.CHttpException.400] exception 'CHttpException' with message 'Некорректный запрос.' in /var/www/lodar/data/www/geofarm.com.ua/framework/web/CController.php:336
Stack trace:
#0 /var/www/lodar/data/www/geofarm.com.ua/framework/web/CController.php(309): CController->invalidActionParams(Object(CInlineAction))
#1 /var/www/lodar/data/www/geofarm.com.ua/framework/web/CController.php(286): CController->runAction(Object(CInlineAction))
#2 /var/www/lodar/data/www/geofarm.com.ua/framework/web/CController.php(265): CController->runActionWithFilters(Object(CInlineAction), Array)
#3 /var/www/lodar/data/www/geofarm.com.ua/framework/web/CWebApplication.php(282): CController->run('product_view')
#4 /var/www/lodar/data/www/geofarm.com.ua/framework/web/CWebApplication.php(141): CWebApplication->runController('site/product_vi...')
#5 /var/www/lodar/data/www/geofarm.com.ua/framework/base/CApplication.php(184): CWebApplication->processRequest()
#6 /var/www/lodar/data/www/geofarm.com.ua/index.php(17): CApplication->run()
#7 {main}
REQUEST_URI=/site/product_view/undefined?1568642615038
HTTP_REFERER=http://geofarm.com.ua/site/product_view/49
---
2019/09/16 17:03:33 [error] [exception.CHttpException.400] exception 'CHttpException' with message 'Некорректный запрос.' in /var/www/lodar/data/www/geofarm.com.ua/framework/web/CController.php:336
Stack trace:
#0 /var/www/lodar/data/www/geofarm.com.ua/framework/web/CController.php(309): CController->invalidActionParams(Object(CInlineAction))
#1 /var/www/lodar/data/www/geofarm.com.ua/framework/web/CController.php(286): CController->runAction(Object(CInlineAction))
#2 /var/www/lodar/data/www/geofarm.com.ua/framework/web/CController.php(265): CController->runActionWithFilters(Object(CInlineAction), Array)
#3 /var/www/lodar/data/www/geofarm.com.ua/framework/web/CWebApplication.php(282): CController->run('product_view')
#4 /var/www/lodar/data/www/geofarm.com.ua/framework/web/CWebApplication.php(141): CWebApplication->runController('site/product_vi...')
#5 /var/www/lodar/data/www/geofarm.com.ua/framework/base/CApplication.php(184): CWebApplication->processRequest()
#6 /var/www/lodar/data/www/geofarm.com.ua/index.php(17): CApplication->run()
#7 {main}
REQUEST_URI=/site/product_view/undefined?1568642618251
HTTP_REFERER=http://www.geofarm.com.ua/site/product_view/44
---
2019/09/17 00:07:22 [error] [exception.CHttpException.404] exception 'CHttpException' with message 'Невозможно обработать запрос "ads.txt".' in /var/www/lodar/data/www/geofarm.com.ua/framework/web/CWebApplication.php:286
Stack trace:
#0 /var/www/lodar/data/www/geofarm.com.ua/framework/web/CWebApplication.php(141): CWebApplication->runController('ads.txt')
#1 /var/www/lodar/data/www/geofarm.com.ua/framework/base/CApplication.php(184): CWebApplication->processRequest()
#2 /var/www/lodar/data/www/geofarm.com.ua/index.php(17): CApplication->run()
#3 {main}
REQUEST_URI=/ads.txt
---
2019/09/17 08:03:23 [error] [exception.CHttpException.400] exception 'CHttpException' with message 'Некорректный запрос.' in /var/www/lodar/data/www/geofarm.com.ua/framework/web/CController.php:336
Stack trace:
#0 /var/www/lodar/data/www/geofarm.com.ua/framework/web/CController.php(309): CController->invalidActionParams(Object(CInlineAction))
#1 /var/www/lodar/data/www/geofarm.com.ua/framework/web/CController.php(286): CController->runAction(Object(CInlineAction))
#2 /var/www/lodar/data/www/geofarm.com.ua/framework/web/CController.php(265): CController->runActionWithFilters(Object(CInlineAction), Array)
#3 /var/www/lodar/data/www/geofarm.com.ua/framework/web/CWebApplication.php(282): CController->run('product_view')
#4 /var/www/lodar/data/www/geofarm.com.ua/framework/web/CWebApplication.php(141): CWebApplication->runController('site/product_vi...')
#5 /var/www/lodar/data/www/geofarm.com.ua/framework/base/CApplication.php(184): CWebApplication->processRequest()
#6 /var/www/lodar/data/www/geofarm.com.ua/index.php(17): CApplication->run()
#7 {main}
REQUEST_URI=/site/product_view/undefined?1568696603868
HTTP_REFERER=http://www.geofarm.com.ua/site/product_view/28
---
